<?xml version="1.0" encoding="UTF-8"?>
<testsuite name="blog.brix.gitduetstats.GitDuetStatsApplicationTest" tests="1" skipped="0" failures="0" errors="0" timestamp="2019-11-22T09:18:40" hostname="brixpad" time="0.088">
  <properties/>
  <testcase name="works" classname="blog.brix.gitduetstats.GitDuetStatsApplicationTest" time="0.088"/>
  <system-out><![CDATA[It works!
]]></system-out>
  <system-err><![CDATA[]]></system-err>
</testsuite>
